<?xml version="1.0" encoding="UTF-8"?>
<!-- Generated by org.testng.reporters.JUnitReportReporter -->
<testsuite hostname="HOME-PC" name="vin.CC5" tests="1" failures="0" timestamp="6 Jul 2018 09:04:09 GMT" time="6.301" errors="0">
  <testcase name="f" time="6.301" classname="vin.CC5"/>
</testsuite> <!-- vin.CC5 -->
