<?xml version="1.0" encoding="UTF-8"?>
<!-- Generated by org.testng.reporters.JUnitReportReporter -->
<testsuite hostname="HOME-PC" name="smoke.Version" tests="1" failures="0" timestamp="3 Oct 2018 19:31:35 GMT" time="3.391" errors="0">
  <testcase name="Verfly" time="3.391" classname="smoke.Version"/>
</testsuite> <!-- smoke.Version -->
