<?xml version="1.0" encoding="UTF-8"?>
<!-- Generated by org.testng.reporters.JUnitReportReporter -->
<testsuite hostname="HOME-PC" name="smoke.Cap" tests="1" failures="0" timestamp="21 Aug 2018 05:25:33 GMT" time="96.125" errors="0">
  <testcase name="chow" time="96.125" classname="smoke.Cap"/>
</testsuite> <!-- smoke.Cap -->
