<?xml version="1.0" encoding="UTF-8"?>
<!-- Generated by org.testng.reporters.JUnitReportReporter -->
<testsuite hostname="HOME-PC" name="vin.MyDb" tests="1" failures="0" timestamp="18 Aug 2018 11:13:49 GMT" time="2.384" errors="0">
  <testcase name="vinjam" time="2.384" classname="vin.MyDb"/>
</testsuite> <!-- vin.MyDb -->
