<?xml version="1.0" encoding="UTF-8"?>
<!-- Generated by org.testng.reporters.JUnitReportReporter -->
<testsuite hostname="HOME-PC" name="smoke.Abc" tests="1" failures="0" timestamp="3 Oct 2018 19:51:17 GMT" time="59.661" errors="0">
  <testcase name="naresh" time="59.661" classname="smoke.Abc"/>
</testsuite> <!-- smoke.Abc -->
