<?xml version="1.0" encoding="UTF-8"?>
<!-- Generated by org.testng.reporters.JUnitReportReporter -->
<testsuite hostname="HOME-PC" name="vin.CC" tests="4" failures="0" timestamp="5 Jul 2018 16:41:07 GMT" time="0.007" errors="0">
  <testcase name="exam" time="0.002" classname="vin.CC"/>
  <testcase name="name" time="0.002" classname="vin.CC"/>
  <testcase name="jum" time="0.002" classname="vin.CC"/>
  <testcase name="first" time="0.001" classname="vin.CC"/>
</testsuite> <!-- vin.CC -->
