<?xml version="1.0" encoding="UTF-8"?>
<!-- Generated by org.testng.reporters.JUnitReportReporter -->
<testsuite hostname="HOME-PC" name="vin.CC2" tests="2" failures="0" timestamp="5 Jul 2018 16:41:07 GMT" time="47.763" errors="2">
  <testcase name="vin" time="47.754" classname="vin.CC2">
    <error type="org.openqa.selenium.WebDriverException" message="Failed to connect to binary FirefoxBinary(C:\Program Files (x86)\Mozilla Firefox\firefox.exe) on port 7057; process output follows: 
fault theme.&quot;,&quot;creator&quot;:&quot;Mozilla&quot;,&quot;homepageURL&quot;:null,&quot;contributors&quot;:[&quot;Mozilla Contributors&quot;]},&quot;visible&quot;:true,&quot;active&quot;:true,&quot;userDisabled&quot;:false,&quot;appDisabled&quot;:false,&quot;descriptor&quot;:&quot;C:\\Program Files (x86)\\Mozilla Firefox\\browser\\extensions\\{972ce4c6-7e08-4474-a285-3208198ce6fd}&quot;,&quot;installDate&quot;:1513087501665,&quot;updateDate&quot;:1513087501665,&quot;applyBackgroundUpdates&quot;:1,&quot;skinnable&quot;:true,&quot;size&quot;:24172,&quot;sourceURI&quot;:null,&quot;releaseNotesURI&quot;:null,&quot;softDisabled&quot;:false,&quot;foreignInstall&quot;:false,&quot;hasBinaryComponents&quot;:false,&quot;strictCompatibility&quot;:true,&quot;locales&quot;:[],&quot;targetApplications&quot;:[{&quot;id&quot;:&quot;{ec8030f7-c20a-464f-9b0e-13a3a9e97384}&quot;,&quot;minVersion&quot;:&quot;43.0.1&quot;,&quot;maxVersion&quot;:&quot;43.0.1&quot;}],&quot;targetPlatforms&quot;:[]}
1530808817571	addons.xpi	DEBUG	getModTime: Recursive scan of {972ce4c6-7e08-4474-a285-3208198ce6fd}
1530808817572	DeferredSave.extensions.json	DEBUG	Save changes
1530808817572	addons.xpi	DEBUG	Updating database with changes to installed add-ons
1530808817573	addons.xpi-utils	DEBUG	Updating add-on states
1530808817574	addons.xpi-utils	DEBUG	Writing add-ons list
1530808817588	addons.manager	DEBUG	Registering shutdown blocker for XPIProvider
1530808817588	addons.manager	DEBUG	Provider finished startup: XPIProvider
1530808817588	addons.manager	DEBUG	Starting provider: LightweightThemeManager
1530808817588	addons.manager	DEBUG	Registering shutdown blocker for LightweightThemeManager
1530808817589	addons.manager	DEBUG	Provider finished startup: LightweightThemeManager
1530808817589	addons.manager	DEBUG	Starting provider: GMPProvider
1530808817597	addons.manager	DEBUG	Registering shutdown blocker for GMPProvider
1530808817598	addons.manager	DEBUG	Provider finished startup: GMPProvider
1530808817598	addons.manager	DEBUG	Starting provider: PluginProvider
1530808817598	addons.manager	DEBUG	Registering shutdown blocker for PluginProvider
1530808817598	addons.manager	DEBUG	Provider finished startup: PluginProvider
1530808817599	addons.manager	DEBUG	Completed startup sequence
1530808818931	addons.manager	DEBUG	Starting provider: &lt;unnamed-provider&gt;
1530808818931	addons.manager	DEBUG	Registering shutdown blocker for &lt;unnamed-provider&gt;
1530808818932	addons.manager	DEBUG	Provider finished startup: &lt;unnamed-provider&gt;
1530808819853	DeferredSave.extensions.json	DEBUG	Starting write
1530808820703	addons.repository	DEBUG	No addons.json found.
1530808820704	DeferredSave.addons.json	DEBUG	Save changes
1530808820709	DeferredSave.addons.json	DEBUG	Starting timer
1530808820733	addons.manager	DEBUG	Starting provider: PreviousExperimentProvider
1530808820733	addons.manager	DEBUG	Registering shutdown blocker for PreviousExperimentProvider
1530808820734	addons.manager	DEBUG	Provider finished startup: PreviousExperimentProvider
1530808820740	DeferredSave.extensions.json	DEBUG	Write succeeded
1530808820741	addons.xpi-utils	DEBUG	XPI Database saved, setting schema version preference to 17
1530808820806	DeferredSave.addons.json	DEBUG	Starting write
1530808820976	DeferredSave.addons.json	DEBUG	Write succeeded
JavaScript error: chrome://fxdriver/content/server.js, line 61: uncaught exception: [object Object]
JavaScript error: chrome://fxdriver/content/server.js, line 61: NS_ERROR_XPC_CI_RETURNED_FAILURE: Component returned failure code: 0x80570015 (NS_ERROR_XPC_CI_RETURNED_FAILURE) [nsIJSCID.createInstance]
1530808860923	addons.manager	DEBUG	shutdown
1530808860924	addons.manager	DEBUG	Calling shutdown blocker for XPIProvider
1530808860925	addons.xpi	DEBUG	shutdown
1530808860925	addons.xpi-utils	DEBUG	shutdown
1530808860926	addons.manager	DEBUG	Calling shutdown blocker for LightweightThemeManager
1530808860927	addons.manager	DEBUG	Calling shutdown blocker for GMPProvider
1530808860931	addons.manager	DEBUG	Calling shutdown blocker for PluginProvider
1530808860932	addons.manager	DEBUG	Calling shutdown blocker for &lt;unnamed-provider&gt;
1530808860936	addons.manager	DEBUG	Calling shutdown blocker for PreviousExperimentProvider
1530808860943	addons.xpi	DEBUG	Notifying XPI shutdown observers
1530808860951	addons.manager	DEBUG	Async provider shutdown done

Build info: version: &#039;2.53.1&#039;, revision: &#039;a36b8b1&#039;, time: &#039;2016-06-30 17:32:46&#039;
System info: host: &#039;HOME-PC&#039;, ip: &#039;10.0.0.7&#039;, os.name: &#039;Windows 7&#039;, os.arch: &#039;amd64&#039;, os.version: &#039;6.1&#039;, java.version: &#039;1.8.0_151&#039;
Driver info: driver.version: FirefoxDriver">
      <![CDATA[org.openqa.selenium.WebDriverException: Failed to connect to binary FirefoxBinary(C:\Program Files (x86)\Mozilla Firefox\firefox.exe) on port 7057; process output follows: 
fault theme.","creator":"Mozilla","homepageURL":null,"contributors":["Mozilla Contributors"]},"visible":true,"active":true,"userDisabled":false,"appDisabled":false,"descriptor":"C:\\Program Files (x86)\\Mozilla Firefox\\browser\\extensions\\{972ce4c6-7e08-4474-a285-3208198ce6fd}","installDate":1513087501665,"updateDate":1513087501665,"applyBackgroundUpdates":1,"skinnable":true,"size":24172,"sourceURI":null,"releaseNotesURI":null,"softDisabled":false,"foreignInstall":false,"hasBinaryComponents":false,"strictCompatibility":true,"locales":[],"targetApplications":[{"id":"{ec8030f7-c20a-464f-9b0e-13a3a9e97384}","minVersion":"43.0.1","maxVersion":"43.0.1"}],"targetPlatforms":[]}
1530808817571	addons.xpi	DEBUG	getModTime: Recursive scan of {972ce4c6-7e08-4474-a285-3208198ce6fd}
1530808817572	DeferredSave.extensions.json	DEBUG	Save changes
1530808817572	addons.xpi	DEBUG	Updating database with changes to installed add-ons
1530808817573	addons.xpi-utils	DEBUG	Updating add-on states
1530808817574	addons.xpi-utils	DEBUG	Writing add-ons list
1530808817588	addons.manager	DEBUG	Registering shutdown blocker for XPIProvider
1530808817588	addons.manager	DEBUG	Provider finished startup: XPIProvider
1530808817588	addons.manager	DEBUG	Starting provider: LightweightThemeManager
1530808817588	addons.manager	DEBUG	Registering shutdown blocker for LightweightThemeManager
1530808817589	addons.manager	DEBUG	Provider finished startup: LightweightThemeManager
1530808817589	addons.manager	DEBUG	Starting provider: GMPProvider
1530808817597	addons.manager	DEBUG	Registering shutdown blocker for GMPProvider
1530808817598	addons.manager	DEBUG	Provider finished startup: GMPProvider
1530808817598	addons.manager	DEBUG	Starting provider: PluginProvider
1530808817598	addons.manager	DEBUG	Registering shutdown blocker for PluginProvider
1530808817598	addons.manager	DEBUG	Provider finished startup: PluginProvider
1530808817599	addons.manager	DEBUG	Completed startup sequence
1530808818931	addons.manager	DEBUG	Starting provider: <unnamed-provider>
1530808818931	addons.manager	DEBUG	Registering shutdown blocker for <unnamed-provider>
1530808818932	addons.manager	DEBUG	Provider finished startup: <unnamed-provider>
1530808819853	DeferredSave.extensions.json	DEBUG	Starting write
1530808820703	addons.repository	DEBUG	No addons.json found.
1530808820704	DeferredSave.addons.json	DEBUG	Save changes
1530808820709	DeferredSave.addons.json	DEBUG	Starting timer
1530808820733	addons.manager	DEBUG	Starting provider: PreviousExperimentProvider
1530808820733	addons.manager	DEBUG	Registering shutdown blocker for PreviousExperimentProvider
1530808820734	addons.manager	DEBUG	Provider finished startup: PreviousExperimentProvider
1530808820740	DeferredSave.extensions.json	DEBUG	Write succeeded
1530808820741	addons.xpi-utils	DEBUG	XPI Database saved, setting schema version preference to 17
1530808820806	DeferredSave.addons.json	DEBUG	Starting write
1530808820976	DeferredSave.addons.json	DEBUG	Write succeeded
JavaScript error: chrome://fxdriver/content/server.js, line 61: uncaught exception: [object Object]
JavaScript error: chrome://fxdriver/content/server.js, line 61: NS_ERROR_XPC_CI_RETURNED_FAILURE: Component returned failure code: 0x80570015 (NS_ERROR_XPC_CI_RETURNED_FAILURE) [nsIJSCID.createInstance]
1530808860923	addons.manager	DEBUG	shutdown
1530808860924	addons.manager	DEBUG	Calling shutdown blocker for XPIProvider
1530808860925	addons.xpi	DEBUG	shutdown
1530808860925	addons.xpi-utils	DEBUG	shutdown
1530808860926	addons.manager	DEBUG	Calling shutdown blocker for LightweightThemeManager
1530808860927	addons.manager	DEBUG	Calling shutdown blocker for GMPProvider
1530808860931	addons.manager	DEBUG	Calling shutdown blocker for PluginProvider
1530808860932	addons.manager	DEBUG	Calling shutdown blocker for <unnamed-provider>
1530808860936	addons.manager	DEBUG	Calling shutdown blocker for PreviousExperimentProvider
1530808860943	addons.xpi	DEBUG	Notifying XPI shutdown observers
1530808860951	addons.manager	DEBUG	Async provider shutdown done

Build info: version: '2.53.1', revision: 'a36b8b1', time: '2016-06-30 17:32:46'
System info: host: 'HOME-PC', ip: '10.0.0.7', os.name: 'Windows 7', os.arch: 'amd64', os.version: '6.1', java.version: '1.8.0_151'
Driver info: driver.version: FirefoxDriver
	at org.openqa.selenium.firefox.internal.NewProfileExtensionConnection.start(NewProfileExtensionConnection.java:124)
	at org.openqa.selenium.firefox.FirefoxDriver.startClient(FirefoxDriver.java:271)
	at org.openqa.selenium.remote.RemoteWebDriver.<init>(RemoteWebDriver.java:119)
	at org.openqa.selenium.firefox.FirefoxDriver.<init>(FirefoxDriver.java:218)
	at org.openqa.selenium.firefox.FirefoxDriver.<init>(FirefoxDriver.java:211)
	at org.openqa.selenium.firefox.FirefoxDriver.<init>(FirefoxDriver.java:207)
	at org.openqa.selenium.firefox.FirefoxDriver.<init>(FirefoxDriver.java:120)
	at vin.CC2.vin(CC2.java:12)
	at sun.reflect.NativeMethodAccessorImpl.invoke0(Native Method)
	at sun.reflect.NativeMethodAccessorImpl.invoke(Unknown Source)
	at sun.reflect.DelegatingMethodAccessorImpl.invoke(Unknown Source)
	at java.lang.reflect.Method.invoke(Unknown Source)
	at org.testng.internal.MethodInvocationHelper.invokeMethod(MethodInvocationHelper.java:85)
	at org.testng.internal.Invoker.invokeMethod(Invoker.java:639)
	at org.testng.internal.Invoker.invokeTestMethod(Invoker.java:816)
	at org.testng.internal.Invoker.invokeTestMethods(Invoker.java:1124)
	at org.testng.internal.TestMethodWorker.invokeTestMethods(TestMethodWorker.java:125)
	at org.testng.internal.TestMethodWorker.run(TestMethodWorker.java:108)
	at org.testng.TestRunner.privateRun(TestRunner.java:774)
	at org.testng.TestRunner.run(TestRunner.java:624)
	at org.testng.SuiteRunner.runTest(SuiteRunner.java:359)
	at org.testng.SuiteRunner.runSequentially(SuiteRunner.java:354)
	at org.testng.SuiteRunner.privateRun(SuiteRunner.java:312)
	at org.testng.SuiteRunner.run(SuiteRunner.java:261)
	at org.testng.SuiteRunnerWorker.runSuite(SuiteRunnerWorker.java:52)
	at org.testng.SuiteRunnerWorker.run(SuiteRunnerWorker.java:86)
	at org.testng.TestNG.runSuitesSequentially(TestNG.java:1215)
	at org.testng.TestNG.runSuitesLocally(TestNG.java:1140)
	at org.testng.TestNG.run(TestNG.java:1048)
	at org.testng.remote.AbstractRemoteTestNG.run(AbstractRemoteTestNG.java:114)
	at org.testng.remote.RemoteTestNG.initAndRun(RemoteTestNG.java:251)
	at org.testng.remote.RemoteTestNG.main(RemoteTestNG.java:77)
Caused by: org.openqa.selenium.firefox.NotConnectedException: Unable to connect to host 127.0.0.1 on port 7057 after 45000 ms. Firefox console output:
fault theme.","creator":"Mozilla","homepageURL":null,"contributors":["Mozilla Contributors"]},"visible":true,"active":true,"userDisabled":false,"appDisabled":false,"descriptor":"C:\\Program Files (x86)\\Mozilla Firefox\\browser\\extensions\\{972ce4c6-7e08-4474-a285-3208198ce6fd}","installDate":1513087501665,"updateDate":1513087501665,"applyBackgroundUpdates":1,"skinnable":true,"size":24172,"sourceURI":null,"releaseNotesURI":null,"softDisabled":false,"foreignInstall":false,"hasBinaryComponents":false,"strictCompatibility":true,"locales":[],"targetApplications":[{"id":"{ec8030f7-c20a-464f-9b0e-13a3a9e97384}","minVersion":"43.0.1","maxVersion":"43.0.1"}],"targetPlatforms":[]}
1530808817571	addons.xpi	DEBUG	getModTime: Recursive scan of {972ce4c6-7e08-4474-a285-3208198ce6fd}
1530808817572	DeferredSave.extensions.json	DEBUG	Save changes
1530808817572	addons.xpi	DEBUG	Updating database with changes to installed add-ons
1530808817573	addons.xpi-utils	DEBUG	Updating add-on states
1530808817574	addons.xpi-utils	DEBUG	Writing add-ons list
1530808817588	addons.manager	DEBUG	Registering shutdown blocker for XPIProvider
1530808817588	addons.manager	DEBUG	Provider finished startup: XPIProvider
1530808817588	addons.manager	DEBUG	Starting provider: LightweightThemeManager
1530808817588	addons.manager	DEBUG	Registering shutdown blocker for LightweightThemeManager
1530808817589	addons.manager	DEBUG	Provider finished startup: LightweightThemeManager
1530808817589	addons.manager	DEBUG	Starting provider: GMPProvider
1530808817597	addons.manager	DEBUG	Registering shutdown blocker for GMPProvider
1530808817598	addons.manager	DEBUG	Provider finished startup: GMPProvider
1530808817598	addons.manager	DEBUG	Starting provider: PluginProvider
1530808817598	addons.manager	DEBUG	Registering shutdown blocker for PluginProvider
1530808817598	addons.manager	DEBUG	Provider finished startup: PluginProvider
1530808817599	addons.manager	DEBUG	Completed startup sequence
1530808818931	addons.manager	DEBUG	Starting provider: <unnamed-provider>
1530808818931	addons.manager	DEBUG	Registering shutdown blocker for <unnamed-provider>
1530808818932	addons.manager	DEBUG	Provider finished startup: <unnamed-provider>
1530808819853	DeferredSave.extensions.json	DEBUG	Starting write
1530808820703	addons.repository	DEBUG	No addons.json found.
1530808820704	DeferredSave.addons.json	DEBUG	Save changes
1530808820709	DeferredSave.addons.json	DEBUG	Starting timer
1530808820733	addons.manager	DEBUG	Starting provider: PreviousExperimentProvider
1530808820733	addons.manager	DEBUG	Registering shutdown blocker for PreviousExperimentProvider
1530808820734	addons.manager	DEBUG	Provider finished startup: PreviousExperimentProvider
1530808820740	DeferredSave.extensions.json	DEBUG	Write succeeded
1530808820741	addons.xpi-utils	DEBUG	XPI Database saved, setting schema version preference to 17
1530808820806	DeferredSave.addons.json	DEBUG	Starting write
1530808820976	DeferredSave.addons.json	DEBUG	Write succeeded
JavaScript error: chrome://fxdriver/content/server.js, line 61: uncaught exception: [object Object]
JavaScript error: chrome://fxdriver/content/server.js, line 61: NS_ERROR_XPC_CI_RETURNED_FAILURE: Component returned failure code: 0x80570015 (NS_ERROR_XPC_CI_RETURNED_FAILURE) [nsIJSCID.createInstance]
1530808860923	addons.manager	DEBUG	shutdown
1530808860924	addons.manager	DEBUG	Calling shutdown blocker for XPIProvider
1530808860925	addons.xpi	DEBUG	shutdown
1530808860925	addons.xpi-utils	DEBUG	shutdown
1530808860926	addons.manager	DEBUG	Calling shutdown blocker for LightweightThemeManager
1530808860927	addons.manager	DEBUG	Calling shutdown blocker for GMPProvider
1530808860931	addons.manager	DEBUG	Calling shutdown blocker for PluginProvider
1530808860932	addons.manager	DEBUG	Calling shutdown blocker for <unnamed-provider>
1530808860936	addons.manager	DEBUG	Calling shutdown blocker for PreviousExperimentProvider
1530808860943	addons.xpi	DEBUG	Notifying XPI shutdown observers
1530808860951	addons.manager	DEBUG	Async provider shutdown done

	at org.openqa.selenium.firefox.internal.NewProfileExtensionConnection.start(NewProfileExtensionConnection.java:112)
	... 31 more
]]>
    </error>
  </testcase> <!-- vin -->
  <testcase name="jam" time="0.009" classname="vin.CC2">
    <error type="java.lang.NullPointerException">
      <![CDATA[java.lang.NullPointerException
	at vin.CC2.jam(CC2.java:21)
	at sun.reflect.NativeMethodAccessorImpl.invoke0(Native Method)
	at sun.reflect.NativeMethodAccessorImpl.invoke(Unknown Source)
	at sun.reflect.DelegatingMethodAccessorImpl.invoke(Unknown Source)
	at java.lang.reflect.Method.invoke(Unknown Source)
	at org.testng.internal.MethodInvocationHelper.invokeMethod(MethodInvocationHelper.java:85)
	at org.testng.internal.Invoker.invokeMethod(Invoker.java:639)
	at org.testng.internal.Invoker.invokeTestMethod(Invoker.java:816)
	at org.testng.internal.Invoker.invokeTestMethods(Invoker.java:1124)
	at org.testng.internal.TestMethodWorker.invokeTestMethods(TestMethodWorker.java:125)
	at org.testng.internal.TestMethodWorker.run(TestMethodWorker.java:108)
	at org.testng.TestRunner.privateRun(TestRunner.java:774)
	at org.testng.TestRunner.run(TestRunner.java:624)
	at org.testng.SuiteRunner.runTest(SuiteRunner.java:359)
	at org.testng.SuiteRunner.runSequentially(SuiteRunner.java:354)
	at org.testng.SuiteRunner.privateRun(SuiteRunner.java:312)
	at org.testng.SuiteRunner.run(SuiteRunner.java:261)
	at org.testng.SuiteRunnerWorker.runSuite(SuiteRunnerWorker.java:52)
	at org.testng.SuiteRunnerWorker.run(SuiteRunnerWorker.java:86)
	at org.testng.TestNG.runSuitesSequentially(TestNG.java:1215)
	at org.testng.TestNG.runSuitesLocally(TestNG.java:1140)
	at org.testng.TestNG.run(TestNG.java:1048)
	at org.testng.remote.AbstractRemoteTestNG.run(AbstractRemoteTestNG.java:114)
	at org.testng.remote.RemoteTestNG.initAndRun(RemoteTestNG.java:251)
	at org.testng.remote.RemoteTestNG.main(RemoteTestNG.java:77)
]]>
    </error>
  </testcase> <!-- jam -->
</testsuite> <!-- vin.CC2 -->
