<?xml version="1.0" encoding="UTF-8"?>
<!-- Generated by org.testng.reporters.JUnitReportReporter -->
<testsuite hostname="HOME-PC" name="vin.Mysq" tests="1" failures="0" timestamp="17 Aug 2018 17:07:54 GMT" time="0.788" errors="0">
  <testcase name="nare" time="0.788" classname="vin.Mysq"/>
</testsuite> <!-- vin.Mysq -->
